0 info it worked if it ends with ok
1 verbose cli [ '/usr/local/bin/node', '/usr/local/bin/npm', 'run', 'wpServer' ]
2 info using npm@3.10.3
3 info using node@v6.3.1
4 verbose run-script [ 'prewpServer', 'wpServer', 'postwpServer' ]
5 info lifecycle react2048@1.0.0~prewpServer: react2048@1.0.0
6 silly lifecycle react2048@1.0.0~prewpServer: no script for prewpServer, continuing
7 info lifecycle react2048@1.0.0~wpServer: react2048@1.0.0
8 verbose lifecycle react2048@1.0.0~wpServer: unsafe-perm in lifecycle true
9 verbose lifecycle react2048@1.0.0~wpServer: PATH: /usr/local/lib/node_modules/npm/bin/node-gyp-bin:/Users/luna/github/react2048/node_modules/.bin:/usr/local/bin:~/Applications/mongodb/bin:/Library/Frameworks/Python.framework/Versions/3.5/bin:/usr/local/bin:/usr/bin:/bin:/usr/sbin:/sbin
10 verbose lifecycle react2048@1.0.0~wpServer: CWD: /Users/luna/github/react2048
11 silly lifecycle react2048@1.0.0~wpServer: Args: [ '-c', 'node webpackServer.js --env=dev' ]
12 silly lifecycle react2048@1.0.0~wpServer: Returned: code: 1  signal: null
13 info lifecycle react2048@1.0.0~wpServer: Failed to exec wpServer script
14 verbose stack Error: react2048@1.0.0 wpServer: `node webpackServer.js --env=dev`
14 verbose stack Exit status 1
14 verbose stack     at EventEmitter.<anonymous> (/usr/local/lib/node_modules/npm/lib/utils/lifecycle.js:242:16)
14 verbose stack     at emitTwo (events.js:106:13)
14 verbose stack     at EventEmitter.emit (events.js:191:7)
14 verbose stack     at ChildProcess.<anonymous> (/usr/local/lib/node_modules/npm/lib/utils/spawn.js:40:14)
14 verbose stack     at emitTwo (events.js:106:13)
14 verbose stack     at ChildProcess.emit (events.js:191:7)
14 verbose stack     at maybeClose (internal/child_process.js:852:16)
14 verbose stack     at Process.ChildProcess._handle.onexit (internal/child_process.js:215:5)
15 verbose pkgid react2048@1.0.0
16 verbose cwd /Users/luna/github/react2048
17 error Darwin 15.6.0
18 error argv "/usr/local/bin/node" "/usr/local/bin/npm" "run" "wpServer"
19 error node v6.3.1
20 error npm  v3.10.3
21 error code ELIFECYCLE
22 error react2048@1.0.0 wpServer: `node webpackServer.js --env=dev`
22 error Exit status 1
23 error Failed at the react2048@1.0.0 wpServer script 'node webpackServer.js --env=dev'.
23 error Make sure you have the latest version of node.js and npm installed.
23 error If you do, this is most likely a problem with the react2048 package,
23 error not with npm itself.
23 error Tell the author that this fails on your system:
23 error     node webpackServer.js --env=dev
23 error You can get information on how to open an issue for this project with:
23 error     npm bugs react2048
23 error Or if that isn't available, you can get their info via:
23 error     npm owner ls react2048
23 error There is likely additional logging output above.
24 verbose exit [ 1, true ]
